2021-11-02T18:33:25,131 INFO [cobrowsing-server,,][background-preinit] o.h.v.i.u.Version: HV000001: Hibernate Validator 6.2.0.Final
2021-11-02T18:33:26,651 INFO [cobrowsing-server,,][main] o.s.c.c.s.GenericScope: BeanFactory id=4d949541-0711-3bb1-a84b-4b45fce91bc5
2021-11-02T18:33:27,491 INFO [cobrowsing-server,,][main] o.s.b.w.e.t.TomcatWebServer: Tomcat initialized with port(s): 8086 (http)
2021-11-02T18:33:27,507 INFO [cobrowsing-server,,][main] o.a.j.l.DirectJDKLog: Initializing ProtocolHandler ["http-nio-8086"]
2021-11-02T18:33:27,507 INFO [cobrowsing-server,,][main] o.a.j.l.DirectJDKLog: Starting service [Tomcat]
2021-11-02T18:33:27,507 INFO [cobrowsing-server,,][main] o.a.j.l.DirectJDKLog: Starting Servlet engine: [Apache Tomcat/9.0.53]
2021-11-02T18:33:27,654 INFO [cobrowsing-server,,][main] o.a.j.l.DirectJDKLog: Initializing Spring embedded WebApplicationContext
2021-11-02T18:33:27,654 INFO [cobrowsing-server,,][main] o.s.b.w.s.c.ServletWebServerApplicationContext: Root WebApplicationContext: initialization completed in 2391 ms
2021-11-02T18:33:31,185 INFO [cobrowsing-server,,][main] c.c.s.SocketIOServer: Session store / pubsub factory used: MemoryStoreFactory (local session store only)
2021-11-02T18:33:32,535 INFO [cobrowsing-server,,][nioEventLoopGroup-2-1] c.c.s.SocketIOServer$1: SocketIO server started at port: 5000
2021-11-02T18:33:32,604 INFO [cobrowsing-server,,][main] o.a.j.l.DirectJDKLog: Starting ProtocolHandler ["http-nio-8086"]
2021-11-02T18:33:32,635 INFO [cobrowsing-server,,][main] o.s.b.w.e.t.TomcatWebServer: Tomcat started on port(s): 8086 (http) with context path ''
2021-11-02T18:33:33,305 INFO [cobrowsing-server,,][main] o.s.b.w.e.t.TomcatWebServer: Tomcat initialized with port(s): 9081 (http)
2021-11-02T18:33:33,305 INFO [cobrowsing-server,,][main] o.a.j.l.DirectJDKLog: Initializing ProtocolHandler ["http-nio-9081"]
2021-11-02T18:33:33,305 INFO [cobrowsing-server,,][main] o.a.j.l.DirectJDKLog: Starting service [Tomcat]
2021-11-02T18:33:33,305 INFO [cobrowsing-server,,][main] o.a.j.l.DirectJDKLog: Starting Servlet engine: [Apache Tomcat/9.0.53]
2021-11-02T18:33:33,352 INFO [cobrowsing-server,,][main] o.a.j.l.DirectJDKLog: Initializing Spring embedded WebApplicationContext
2021-11-02T18:33:33,352 INFO [cobrowsing-server,,][main] o.s.b.w.s.c.ServletWebServerApplicationContext: Root WebApplicationContext: initialization completed in 147 ms
2021-11-02T18:33:33,383 INFO [cobrowsing-server,,][main] o.s.b.a.e.w.EndpointLinksResolver: Exposing 4 endpoint(s) beneath base path '/actuator'
2021-11-02T18:33:33,437 INFO [cobrowsing-server,,][main] o.a.j.l.DirectJDKLog: Starting ProtocolHandler ["http-nio-9081"]
2021-11-02T18:33:33,437 INFO [cobrowsing-server,,][main] o.s.b.w.e.t.TomcatWebServer: Tomcat started on port(s): 9081 (http) with context path ''
2021-11-02T18:33:35,094 INFO [cobrowsing-server,,][RMI TCP Connection(4)-192.168.178.25] o.a.j.l.DirectJDKLog: Initializing Spring DispatcherServlet 'dispatcherServlet'
2021-11-02T18:33:35,094 INFO [cobrowsing-server,,][RMI TCP Connection(4)-192.168.178.25] o.s.w.s.FrameworkServlet: Initializing Servlet 'dispatcherServlet'
2021-11-02T18:33:35,094 INFO [cobrowsing-server,,][RMI TCP Connection(4)-192.168.178.25] o.s.w.s.FrameworkServlet: Completed initialization in 0 ms
